#
# There is insufficient memory for the Java Runtime Environment to continue.
# Native memory allocation (malloc) failed to allocate 576256 bytes for Chunk::new
# Possible reasons:
#   The system is out of physical RAM or swap space
#   The process is running with CompressedOops enabled, and the Java Heap may be blocking the growth of the native heap
# Possible solutions:
#   Reduce memory load on the system
#   Increase physical memory or swap space
#   Check if swap backing store is full
#   Decrease Java heap size (-Xmx/-Xms)
#   Decrease number of Java threads
#   Decrease Java thread stack sizes (-Xss)
#   Set larger code cache with -XX:ReservedCodeCacheSize=
#   JVM is running with Unscaled Compressed Oops mode in which the Java heap is
#     placed in the first 4GB address space. The Java Heap base address is the
#     maximum limit for the native heap growth. Please use -XX:HeapBaseMinAddress
#     to set the Java Heap base and to place the Java Heap above 4GB virtual address.
# This output file may be truncated or incomplete.
#
#  Out of Memory Error (allocation.cpp:389), pid=23884, tid=0x0000000000001a6c
#
# JRE version: OpenJDK Runtime Environment (8.0_212-b04) (build 1.8.0_212-release-1586-b04)
# Java VM: OpenJDK 64-Bit Server VM (25.212-b04 mixed mode windows-amd64 compressed oops)
# Failed to write core dump. Minidumps are not enabled by default on client versions of Windows
#

---------------  T H R E A D  ---------------

Current thread (0x000000001852d000):  JavaThread "C2 CompilerThread0" daemon [_thread_in_native, id=6764, stack(0x0000000018e30000,0x0000000018f30000)]

Stack: [0x0000000018e30000,0x0000000018f30000]
[error occurred during error reporting (printing stack bounds), id 0xc0000005]

Native frames: (J=compiled Java code, j=interpreted, Vv=VM code, C=native code)


Current CompileTask:
C2:3182116 17823       4       org.objectweb.asm.ClassWriter::toByteArray (1281 bytes)


---------------  P R O C E S S  ---------------

Java Threads: ( => current thread )
  0x000000001a776000 JavaThread "stdout" [_thread_in_native, id=23500, stack(0x000000002a790000,0x000000002a890000)]
  0x000000001a77d000 JavaThread "stderr" [_thread_in_native, id=11700, stack(0x000000002a690000,0x000000002a790000)]
  0x000000001a77c000 JavaThread "stdout" [_thread_in_native, id=31084, stack(0x000000002a190000,0x000000002a290000)]
  0x000000001a77b800 JavaThread "stderr" [_thread_in_native, id=13096, stack(0x0000000029e90000,0x0000000029f90000)]
  0x000000001a77a000 JavaThread "stdout" [_thread_in_native, id=7028, stack(0x0000000029d90000,0x0000000029e90000)]
  0x000000001a772800 JavaThread "stderr" [_thread_in_native, id=22752, stack(0x0000000028c30000,0x0000000028d30000)]
  0x000000001a774800 JavaThread "stdout" [_thread_in_native, id=4188, stack(0x0000000028b30000,0x0000000028c30000)]
  0x000000001a779000 JavaThread "stderr" [_thread_in_native, id=8032, stack(0x0000000028a30000,0x0000000028b30000)]
  0x000000001a775800 JavaThread "stdout" [_thread_in_native, id=35072, stack(0x0000000028930000,0x0000000028a30000)]
  0x000000001a771800 JavaThread "stderr" [_thread_in_native, id=17644, stack(0x0000000028830000,0x0000000028930000)]
  0x000000001a778800 JavaThread "stdout" [_thread_in_native, id=36392, stack(0x0000000028730000,0x0000000028830000)]
  0x000000001a771000 JavaThread "stderr" [_thread_in_native, id=34456, stack(0x0000000028630000,0x0000000028730000)]
  0x000000001a774000 JavaThread "stdout" [_thread_in_native, id=7000, stack(0x0000000028530000,0x0000000028630000)]
  0x000000001a76f800 JavaThread "stderr" [_thread_in_native, id=27876, stack(0x0000000028430000,0x0000000028530000)]
  0x000000001b36c800 JavaThread "stdout" [_thread_in_native, id=32948, stack(0x0000000028330000,0x0000000028430000)]
  0x000000001b36a000 JavaThread "stderr" [_thread_in_native, id=33596, stack(0x0000000028230000,0x0000000028330000)]
  0x000000001b369800 JavaThread "pool-16-thread-1" [_thread_blocked, id=31936, stack(0x0000000028130000,0x0000000028230000)]
  0x000000001b36e000 JavaThread "WorkerExecutor Queue Thread 8" [_thread_blocked, id=35652, stack(0x0000000027d00000,0x0000000027e00000)]
  0x000000001b36b800 JavaThread "WorkerExecutor Queue Thread 7" [_thread_blocked, id=32760, stack(0x0000000027c00000,0x0000000027d00000)]
  0x000000001b36d000 JavaThread "WorkerExecutor Queue Thread 6" [_thread_blocked, id=9616, stack(0x0000000027b00000,0x0000000027c00000)]
  0x000000001b362800 JavaThread "WorkerExecutor Queue Thread 5" [_thread_blocked, id=34232, stack(0x0000000027900000,0x0000000027a00000)]
  0x000000001b368000 JavaThread "WorkerExecutor Queue Thread 4" [_thread_blocked, id=27116, stack(0x0000000027800000,0x0000000027900000)]
  0x000000001b362000 JavaThread "WorkerExecutor Queue Thread 3" [_thread_blocked, id=22420, stack(0x0000000027700000,0x0000000027800000)]
  0x000000001b368800 JavaThread "WorkerExecutor Queue Thread 2" [_thread_blocked, id=36300, stack(0x0000000027600000,0x0000000027700000)]
  0x000000001b360800 JavaThread "WorkerExecutor Queue" [_thread_blocked, id=18628, stack(0x0000000027500000,0x0000000027600000)]
  0x000000001b367000 JavaThread "Cache worker for execution history cache (C:\Users\LENOVO\AndroidStudioProjects\SantClick\.gradle\5.6.4\executionHistory)" [_thread_blocked, id=5456, stack(0x0000000027400000,0x0000000027500000)]
  0x000000001b35f800 JavaThread "Execution worker for ':' Thread 7" [_thread_blocked, id=22648, stack(0x0000000027300000,0x0000000027400000)]
  0x000000001b366800 JavaThread "Execution worker for ':' Thread 6" [_thread_blocked, id=32320, stack(0x0000000027000000,0x0000000027100000)]
  0x000000001b361000 JavaThread "Execution worker for ':' Thread 5" [_thread_in_Java, id=32236, stack(0x0000000026f00000,0x0000000027000000)]
  0x000000001b35f000 JavaThread "Execution worker for ':' Thread 4" [_thread_blocked, id=25512, stack(0x0000000026e00000,0x0000000026f00000)]
  0x000000001b365800 JavaThread "Execution worker for ':' Thread 3" [_thread_blocked, id=30032, stack(0x0000000026d00000,0x0000000026e00000)]
  0x000000001b365000 JavaThread "Execution worker for ':' Thread 2" [_thread_blocked, id=32412, stack(0x0000000026c00000,0x0000000026d00000)]
  0x000000001b364000 JavaThread "Execution worker for ':'" [_thread_blocked, id=6548, stack(0x0000000026b00000,0x0000000026c00000)]
  0x000000001b363800 JavaThread "Cache worker for file content cache (C:\Users\LENOVO\AndroidStudioProjects\SantClick\.gradle\5.6.4\fileContent)" [_thread_blocked, id=3888, stack(0x0000000026800000,0x0000000026900000)]
  0x000000001e88e800 JavaThread "Cache worker for Build Output Cleanup Cache (C:\Users\LENOVO\AndroidStudioProjects\SantClick\.gradle\buildOutputCleanup)" [_thread_blocked, id=9916, stack(0x0000000024860000,0x0000000024960000)]
  0x000000001e88f800 JavaThread "Build operations Thread 8" [_thread_blocked, id=34180, stack(0x0000000023890000,0x0000000023990000)]
  0x000000001e88b800 JavaThread "Build operations Thread 7" [_thread_blocked, id=32604, stack(0x0000000023790000,0x0000000023890000)]
  0x000000001e88b000 JavaThread "Build operations Thread 6" [_thread_blocked, id=32712, stack(0x0000000023490000,0x0000000023590000)]
  0x000000001e88c800 JavaThread "Build operations Thread 5" [_thread_blocked, id=29208, stack(0x0000000023390000,0x0000000023490000)]
  0x000000001e88d000 JavaThread "Build operations Thread 4" [_thread_blocked, id=30964, stack(0x0000000023290000,0x0000000023390000)]
  0x000000001e882800 JavaThread "Build operations Thread 3" [_thread_blocked, id=15308, stack(0x0000000021960000,0x0000000021a60000)]
  0x000000001e889800 JavaThread "Build operations Thread 2" [_thread_blocked, id=3744, stack(0x0000000021160000,0x0000000021260000)]
  0x000000001e888800 JavaThread "Build operations" [_thread_blocked, id=29952, stack(0x000000001f9c0000,0x000000001fac0000)]
  0x000000001e881000 JavaThread "Cache worker for cache directory md-rule (C:\Users\LENOVO\.gradle\caches\5.6.4\md-rule)" [_thread_blocked, id=32088, stack(0x000000001f620000,0x000000001f720000)]
  0x000000001e888000 JavaThread "Cache worker for cache directory md-supplier (C:\Users\LENOVO\.gradle\caches\5.6.4\md-supplier)" [_thread_blocked, id=6996, stack(0x000000001ce80000,0x000000001cf80000)]
  0x000000001e880800 JavaThread "Cache worker for file hash cache (C:\Users\LENOVO\AndroidStudioProjects\SantClick\.gradle\5.6.4\fileHashes)" [_thread_blocked, id=36136, stack(0x000000001cd80000,0x000000001ce80000)]
  0x000000001e886800 JavaThread "Thread-243" [_thread_blocked, id=9492, stack(0x000000001cb80000,0x000000001cc80000)]
  0x000000001e885800 JavaThread "Stdin handler" [_thread_blocked, id=9392, stack(0x000000001ca80000,0x000000001cb80000)]
  0x000000001e884000 JavaThread "Asynchronous log dispatcher for DefaultDaemonConnection: socket connection from /127.0.0.1:64569 to /127.0.0.1:65291" [_thread_blocked, id=10288, stack(0x000000001c980000,0x000000001ca80000)]
  0x000000001e887000 JavaThread "Cancel handler" [_thread_blocked, id=23000, stack(0x000000001c580000,0x000000001c680000)]
  0x000000001e885000 JavaThread "Handler for socket connection from /127.0.0.1:64569 to /127.0.0.1:65291" [_thread_in_native, id=256, stack(0x0000000000de0000,0x0000000000ee0000)]
  0x000000001a773000 JavaThread "Daemon worker Thread 5" [_thread_blocked, id=35740, stack(0x000000001c680000,0x000000001c780000)]
  0x000000001a770000 JavaThread "Daemon Thread 5" [_thread_blocked, id=34472, stack(0x0000000000ce0000,0x0000000000de0000)]
  0x000000001a777000 JavaThread "MarlinRenderer Disposer" daemon [_thread_blocked, id=20848, stack(0x0000000028030000,0x0000000028130000)]
  0x000000001a77a800 JavaThread "Java2D Disposer" daemon [_thread_blocked, id=30880, stack(0x0000000027a00000,0x0000000027b00000)]
  0x000000001ee50800 JavaThread "Cache worker for file content cache (C:\Users\LENOVO\.gradle\caches\5.6.4\fileContent)" [_thread_blocked, id=36640, stack(0x0000000023b90000,0x0000000023c90000)]
  0x000000001d95f000 JavaThread "Memory manager" [_thread_blocked, id=36476, stack(0x0000000024090000,0x0000000024190000)]
  0x000000001a7b8000 JavaThread "Cache worker for execution history cache (C:\Users\LENOVO\.gradle\caches\5.6.4\executionHistory)" [_thread_blocked, id=20296, stack(0x0000000021260000,0x0000000021360000)]
  0x000000001a7bd800 JavaThread "Cache worker for journal cache (C:\Users\LENOVO\.gradle\caches\journal-1)" [_thread_blocked, id=19356, stack(0x000000001d380000,0x000000001d480000)]
  0x000000001a7bc000 JavaThread "File lock request listener" [_thread_in_native, id=32620, stack(0x000000001d280000,0x000000001d380000)]
  0x0000000019b86800 JavaThread "Cache worker for file hash cache (C:\Users\LENOVO\.gradle\caches\5.6.4\fileHashes)" [_thread_blocked, id=6988, stack(0x000000001cf80000,0x000000001d080000)]
  0x000000001aecd800 JavaThread "Daemon periodic checks" [_thread_blocked, id=10260, stack(0x000000001c480000,0x000000001c580000)]
  0x000000001af73000 JavaThread "Incoming local TCP Connector on port 64569" [_thread_in_native, id=31176, stack(0x000000001c210000,0x000000001c310000)]
  0x0000000018639000 JavaThread "Daemon health stats" [_thread_blocked, id=6680, stack(0x000000001bbd0000,0x000000001bcd0000)]
  0x0000000018570800 JavaThread "Service Thread" daemon [_thread_blocked, id=11028, stack(0x0000000019230000,0x0000000019330000)]
  0x000000001853a800 JavaThread "C1 CompilerThread3" daemon [_thread_blocked, id=17308, stack(0x0000000019130000,0x0000000019230000)]
  0x0000000018534800 JavaThread "C2 CompilerThread2" daemon [_thread_in_native, id=5968, stack(0x0000000019030000,0x0000000019130000)]
  0x0000000018530000 JavaThread "C2 CompilerThread1" daemon [_thread_in_native, id=15780, stack(0x0000000018f30000,0x0000000019030000)]
=>0x000000001852d000 JavaThread "C2 CompilerThread0" daemon [_thread_in_native, id=6764, stack(0x0000000018e30000,0x0000000018f30000)]
  0x000000001852c000 JavaThread "Attach Listener" daemon [_thread_blocked, id=13656, stack(0x0000000018d30000,0x0000000018e30000)]
  0x0000000018529000 JavaThread "Signal Dispatcher" daemon [_thread_blocked, id=15984, stack(0x0000000018c30000,0x0000000018d30000)]
  0x000000000297d800 JavaThread "Finalizer" daemon [_thread_blocked, id=35236, stack(0x0000000018a00000,0x0000000018b00000)]
  0x0000000002975000 JavaThread "Reference Handler" daemon [_thread_blocked, id=34592, stack(0x0000000018900000,0x0000000018a00000)]
  0x000000000287e000 JavaThread "main" [_thread_blocked, id=23008, stack(0x0000000002760000,0x0000000002860000)]

Other Threads:
  0x0000000016737800 VMThread [stack: 0x0000000018400000,0x0000000018500000] [id=35008]
  0x0000000018571000 WatcherThread [stack: 0x0000000019330000,0x0000000019430000] [id=28088]

VM state:not at safepoint (normal execution)

VM Mutex/Monitor currently owned by a thread: None

heap address: 0x00000000a0000000, size: 1536 MB, Compressed Oops mode: 32-bit
Narrow klass base: 0x0000000000000000, Narrow klass shift: 3
Compressed class space size: 1073741824 Address: 0x0000000100000000

Heap:
 PSYoungGen      total 469504K, used 222983K [0x00000000e0000000, 0x00000000ffa80000, 0x0000000100000000)
  eden space 455168K, 48% used [0x00000000e0000000,0x00000000ed9c1d60,0x00000000fbc80000)
  from space 14336K, 0% used [0x00000000fbc80000,0x00000000fbc80000,0x00000000fca80000)
  to   space 31744K, 0% used [0x00000000fdb80000,0x00000000fdb80000,0x00000000ffa80000)
 ParOldGen       total 138752K, used 54923K [0x00000000a0000000, 0x00000000a8780000, 0x00000000e0000000)
  object space 138752K, 39% used [0x00000000a0000000,0x00000000a35a2fb0,0x00000000a8780000)
 Metaspace       used 89407K, capacity 93232K, committed 95872K, reserved 1132544K
  class space    used 11562K, capacity 12325K, committed 12928K, reserved 1048576K

Card table byte_map: [0x0000000011d40000,0x0000000012050000] byte_map_base: 0x0000000011840000

Marking Bits: (ParMarkBitMap*) 0x0000000068ef9f30
 Begin Bits: [0x0000000012a50000, 0x0000000014250000)
 End Bits:   [0x0000000014250000, 0x0000000015a50000)

Polling page: 0x0000000001070000

CodeCache: size=245760Kb used=47933Kb max_used=47942Kb free=197826Kb
 bounds [0x0000000002980000, 0x0000000005890000, 0x0000000011980000]
 total_blobs=15545 nmethods=14567 adapters=889
 compilation: enabled

Compilation events (10 events):
Event: 3181.825 Thread 0x000000001853a800 17835       3       com.google.common.collect.RegularImmutableSortedSet::internalArray (8 bytes)
Event: 3181.826 Thread 0x000000001853a800 nmethod 17835 0x000000000586db10 code [0x000000000586dc80, 0x000000000586dea8]
Event: 3181.826 Thread 0x000000001853a800 17836       3       com.google.common.collect.RegularImmutableSortedSet::internalArrayStart (8 bytes)
Event: 3181.826 Thread 0x000000001853a800 nmethod 17836 0x000000000586d6d0 code [0x000000000586d840, 0x000000000586da68]
Event: 3181.860 Thread 0x0000000018534800 nmethod 17830 0x0000000005886150 code [0x0000000005886340, 0x00000000058870c0]
Event: 3181.861 Thread 0x0000000018534800 17832       4       org.objectweb.asm.MethodWriter::visitInsn (115 bytes)
Event: 3181.879 Thread 0x0000000018534800 nmethod 17832 0x000000000587f190 code [0x000000000587f320, 0x000000000587f738]
Event: 3181.879 Thread 0x0000000018534800 17839       4       org.objectweb.asm.MethodWriter::visitMethodInsn (191 bytes)
Event: 3181.913 Thread 0x000000001853a800 17842       3       com.google.common.collect.RegularImmutableSortedSet::internalArrayEnd (8 bytes)
Event: 3181.914 Thread 0x000000001853a800 nmethod 17842 0x000000000587ed50 code [0x000000000587eec0, 0x000000000587f0e8]

GC Heap History (10 events):
Event: 2275.130 GC heap before
{Heap before GC invocations=13 (full 3):
 PSYoungGen      total 492544K, used 469504K [0x00000000e0000000, 0x0000000100000000, 0x0000000100000000)
  eden space 469504K, 100% used [0x00000000e0000000,0x00000000fca80000,0x00000000fca80000)
  from space 23040K, 0% used [0x00000000fca80000,0x00000000fca80000,0x00000000fe100000)
  to   space 25088K, 0% used [0x00000000fe780000,0x00000000fe780000,0x0000000100000000)
 ParOldGen       total 93184K, used 32302K [0x00000000a0000000, 0x00000000a5b00000, 0x00000000e0000000)
  object space 93184K, 34% used [0x00000000a0000000,0x00000000a1f8b958,0x00000000a5b00000)
 Metaspace       used 75050K, capacity 78808K, committed 78976K, reserved 1118208K
  class space    used 9976K, capacity 10790K, committed 10880K, reserved 1048576K
Event: 2275.275 GC heap after
Heap after GC invocations=13 (full 3):
 PSYoungGen      total 480768K, used 25059K [0x00000000e0000000, 0x0000000100000000, 0x0000000100000000)
  eden space 455680K, 0% used [0x00000000e0000000,0x00000000e0000000,0x00000000fbd00000)
  from space 25088K, 99% used [0x00000000fe780000,0x00000000ffff8d50,0x0000000100000000)
  to   space 34304K, 0% used [0x00000000fbd00000,0x00000000fbd00000,0x00000000fde80000)
 ParOldGen       total 93184K, used 46699K [0x00000000a0000000, 0x00000000a5b00000, 0x00000000e0000000)
  object space 93184K, 50% used [0x00000000a0000000,0x00000000a2d9af00,0x00000000a5b00000)
 Metaspace       used 75050K, capacity 78808K, committed 78976K, reserved 1118208K
  class space    used 9976K, capacity 10790K, committed 10880K, reserved 1048576K
}
Event: 2566.413 GC heap before
{Heap before GC invocations=14 (full 3):
 PSYoungGen      total 480768K, used 480739K [0x00000000e0000000, 0x0000000100000000, 0x0000000100000000)
  eden space 455680K, 100% used [0x00000000e0000000,0x00000000fbd00000,0x00000000fbd00000)
  from space 25088K, 99% used [0x00000000fe780000,0x00000000ffff8d50,0x0000000100000000)
  to   space 34304K, 0% used [0x00000000fbd00000,0x00000000fbd00000,0x00000000fde80000)
 ParOldGen       total 93184K, used 46699K [0x00000000a0000000, 0x00000000a5b00000, 0x00000000e0000000)
  object space 93184K, 50% used [0x00000000a0000000,0x00000000a2d9af00,0x00000000a5b00000)
 Metaspace       used 80330K, capacity 84388K, committed 84608K, reserved 1122304K
  class space    used 10459K, capacity 11318K, committed 11392K, reserved 1048576K
Event: 2566.469 GC heap after
Heap after GC invocations=14 (full 3):
 PSYoungGen      total 478208K, used 22402K [0x00000000e0000000, 0x0000000100000000, 0x0000000100000000)
  eden space 455680K, 0% used [0x00000000e0000000,0x00000000e0000000,0x00000000fbd00000)
  from space 22528K, 99% used [0x00000000fbd00000,0x00000000fd2e08d0,0x00000000fd300000)
  to   space 35328K, 0% used [0x00000000fdd80000,0x00000000fdd80000,0x0000000100000000)
 ParOldGen       total 93184K, used 70189K [0x00000000a0000000, 0x00000000a5b00000, 0x00000000e0000000)
  object space 93184K, 75% used [0x00000000a0000000,0x00000000a448b6e0,0x00000000a5b00000)
 Metaspace       used 80330K, capacity 84388K, committed 84608K, reserved 1122304K
  class space    used 10459K, capacity 11318K, committed 11392K, reserved 1048576K
}
Event: 2655.506 GC heap before
{Heap before GC invocations=15 (full 3):
 PSYoungGen      total 478208K, used 478082K [0x00000000e0000000, 0x0000000100000000, 0x0000000100000000)
  eden space 455680K, 100% used [0x00000000e0000000,0x00000000fbd00000,0x00000000fbd00000)
  from space 22528K, 99% used [0x00000000fbd00000,0x00000000fd2e08d0,0x00000000fd300000)
  to   space 35328K, 0% used [0x00000000fdd80000,0x00000000fdd80000,0x0000000100000000)
 ParOldGen       total 93184K, used 70189K [0x00000000a0000000, 0x00000000a5b00000, 0x00000000e0000000)
  object space 93184K, 75% used [0x00000000a0000000,0x00000000a448b6e0,0x00000000a5b00000)
 Metaspace       used 87561K, capacity 92592K, committed 92672K, reserved 1130496K
  class space    used 11498K, capacity 12500K, committed 12544K, reserved 1048576K
Event: 2655.538 GC heap after
Heap after GC invocations=15 (full 3):
 PSYoungGen      total 490496K, used 12234K [0x00000000e0000000, 0x0000000100000000, 0x0000000100000000)
  eden space 455168K, 0% used [0x00000000e0000000,0x00000000e0000000,0x00000000fbc80000)
  from space 35328K, 34% used [0x00000000fdd80000,0x00000000fe972b88,0x0000000100000000)
  to   space 33792K, 0% used [0x00000000fbc80000,0x00000000fbc80000,0x00000000fdd80000)
 ParOldGen       total 93184K, used 73102K [0x00000000a0000000, 0x00000000a5b00000, 0x00000000e0000000)
  object space 93184K, 78% used [0x00000000a0000000,0x00000000a4763870,0x00000000a5b00000)
 Metaspace       used 87561K, capacity 92592K, committed 92672K, reserved 1130496K
  class space    used 11498K, capacity 12500K, committed 12544K, reserved 1048576K
}
Event: 3164.298 GC heap before
{Heap before GC invocations=16 (full 3):
 PSYoungGen      total 490496K, used 467402K [0x00000000e0000000, 0x0000000100000000, 0x0000000100000000)
  eden space 455168K, 100% used [0x00000000e0000000,0x00000000fbc80000,0x00000000fbc80000)
  from space 35328K, 34% used [0x00000000fdd80000,0x00000000fe972b88,0x0000000100000000)
  to   space 33792K, 0% used [0x00000000fbc80000,0x00000000fbc80000,0x00000000fdd80000)
 ParOldGen       total 93184K, used 73102K [0x00000000a0000000, 0x00000000a5b00000, 0x00000000e0000000)
  object space 93184K, 78% used [0x00000000a0000000,0x00000000a4763870,0x00000000a5b00000)
 Metaspace       used 88187K, capacity 93500K, committed 93824K, reserved 1130496K
  class space    used 11566K, capacity 12598K, committed 12672K, reserved 1048576K
Event: 3164.309 GC heap after
Heap after GC invocations=16 (full 3):
 PSYoungGen      total 469504K, used 14312K [0x00000000e0000000, 0x00000000ffa80000, 0x0000000100000000)
  eden space 455168K, 0% used [0x00000000e0000000,0x00000000e0000000,0x00000000fbc80000)
  from space 14336K, 99% used [0x00000000fbc80000,0x00000000fca7a2b8,0x00000000fca80000)
  to   space 31744K, 0% used [0x00000000fdb80000,0x00000000fdb80000,0x00000000ffa80000)
 ParOldGen       total 93184K, used 75600K [0x00000000a0000000, 0x00000000a5b00000, 0x00000000e0000000)
  object space 93184K, 81% used [0x00000000a0000000,0x00000000a49d41a8,0x00000000a5b00000)
 Metaspace       used 88187K, capacity 93500K, committed 93824K, reserved 1130496K
  class space    used 11566K, capacity 12598K, committed 12672K, reserved 1048576K
}
Event: 3164.309 GC heap before
{Heap before GC invocations=17 (full 4):
 PSYoungGen      total 469504K, used 14312K [0x00000000e0000000, 0x00000000ffa80000, 0x0000000100000000)
  eden space 455168K, 0% used [0x00000000e0000000,0x00000000e0000000,0x00000000fbc80000)
  from space 14336K, 99% used [0x00000000fbc80000,0x00000000fca7a2b8,0x00000000fca80000)
  to   space 31744K, 0% used [0x00000000fdb80000,0x00000000fdb80000,0x00000000ffa80000)
 ParOldGen       total 93184K, used 75600K [0x00000000a0000000, 0x00000000a5b00000, 0x00000000e0000000)
  object space 93184K, 81% used [0x00000000a0000000,0x00000000a49d41a8,0x00000000a5b00000)
 Metaspace       used 88187K, capacity 93500K, committed 93824K, reserved 1130496K
  class space    used 11566K, capacity 12598K, committed 12672K, reserved 1048576K
Event: 3164.715 GC heap after
Heap after GC invocations=17 (full 4):
 PSYoungGen      total 469504K, used 0K [0x00000000e0000000, 0x00000000ffa80000, 0x0000000100000000)
  eden space 455168K, 0% used [0x00000000e0000000,0x00000000e0000000,0x00000000fbc80000)
  from space 14336K, 0% used [0x00000000fbc80000,0x00000000fbc80000,0x00000000fca80000)
  to   space 31744K, 0% used [0x00000000fdb80000,0x00000000fdb80000,0x00000000ffa80000)
 ParOldGen       total 138752K, used 54923K [0x00000000a0000000, 0x00000000a8780000, 0x00000000e0000000)
  object space 138752K, 39% used [0x00000000a0000000,0x00000000a35a2fb0,0x00000000a8780000)
 Metaspace       used 85951K, capacity 89834K, committed 93824K, reserved 1130496K
  class space    used 11159K, capacity 11918K, committed 12672K, reserved 1048576K
}

Deoptimization events (10 events):
Event: 3181.428 Thread 0x000000001b361000 Uncommon trap: reason=unstable_if action=reinterpret pc=0x00000000036cd244 method=com.google.common.collect.ComparisonChain$1.classify(I)Lcom/google/common/collect/ComparisonChain; @ 1
Event: 3181.576 Thread 0x000000001b361000 Uncommon trap: reason=unstable_if action=reinterpret pc=0x0000000003fc4e24 method=org.gradle.api.internal.tasks.compile.AnnotatableMember.compare(Lorg/gradle/api/internal/tasks/compile/AnnotatableMember;)Lcom/google/common/collect/ComparisonChain; @ 9
Event: 3181.577 Thread 0x000000001b361000 Uncommon trap: reason=unstable_if action=reinterpret pc=0x00000000032379c4 method=org.gradle.api.internal.tasks.compile.AnnotatableMember.compare(Lorg/gradle/api/internal/tasks/compile/AnnotatableMember;)Lcom/google/common/collect/ComparisonChain; @ 9
Event: 3181.578 Thread 0x000000001b361000 Uncommon trap: reason=unstable_if action=reinterpret pc=0x00000000046d2cec method=org.objectweb.asm.MethodWriter.computeMethodInfoSize()I @ 342
Event: 3181.579 Thread 0x000000001b361000 Uncommon trap: reason=unstable_if action=reinterpret pc=0x00000000047522e4 method=org.gradle.api.internal.tasks.compile.AnnotatableMember.compare(Lorg/gradle/api/internal/tasks/compile/AnnotatableMember;)Lcom/google/common/collect/ComparisonChain; @ 9
Event: 3181.583 Thread 0x000000001b361000 Uncommon trap: reason=unstable_if action=reinterpret pc=0x00000000057f70ac method=org.objectweb.asm.SymbolTable.addConstantIntegerOrFloat(II)Lorg/objectweb/asm/Symbol; @ 33
Event: 3181.584 Thread 0x000000001b361000 Uncommon trap: reason=unstable_if action=reinterpret pc=0x00000000047d7848 method=org.objectweb.asm.SymbolTable.addConstantIntegerOrFloat(II)Lorg/objectweb/asm/Symbol; @ 33
Event: 3181.604 Thread 0x000000001b361000 Uncommon trap: reason=unstable_if action=reinterpret pc=0x00000000046d65a8 method=org.objectweb.asm.FieldWriter.putFieldInfo(Lorg/objectweb/asm/ByteVector;)V @ 105
Event: 3181.664 Thread 0x000000001b361000 Uncommon trap: reason=unstable_if action=reinterpret pc=0x0000000005841de0 method=org.objectweb.asm.MethodWriter.putMethodInfo(Lorg/objectweb/asm/ByteVector;)V @ 170
Event: 3181.731 Thread 0x000000001b361000 Uncommon trap: reason=unstable_if action=reinterpret pc=0x0000000005871dc0 method=org.objectweb.asm.ClassReader.readField(Lorg/objectweb/asm/ClassVisitor;Lorg/objectweb/asm/Context;I)I @ 347

Classes redefined (0 events):
No events

Internal exceptions (10 events):
Event: 3169.408 Thread 0x000000001b366800 Implicit null exception at 0x0000000002afee25 to 0x0000000002aff179
Event: 3169.408 Thread 0x000000001b366800 Implicit null exception at 0x00000000034edcdd to 0x00000000034ee055
Event: 3169.695 Thread 0x000000001b366800 Exception <a 'java/lang/NoSuchMethodError': <clinit>> (0x00000000e79fe468) thrown at [D:\src\AOSP-openjdk-cygwin\jdk8u\hotspot\src\share\vm\prims\jni.cpp, line 1614]
Event: 3169.696 Thread 0x000000001b366800 Exception <a 'java/lang/NoSuchMethodError': <clinit>> (0x00000000e7a1bf58) thrown at [D:\src\AOSP-openjdk-cygwin\jdk8u\hotspot\src\share\vm\prims\jni.cpp, line 1614]
Event: 3169.697 Thread 0x000000001b366800 Exception <a 'java/lang/NoSuchMethodError': <clinit>> (0x00000000e7a3ec90) thrown at [D:\src\AOSP-openjdk-cygwin\jdk8u\hotspot\src\share\vm\prims\jni.cpp, line 1614]
Event: 3169.701 Thread 0x000000001b366800 Exception <a 'java/lang/NoSuchMethodError': <clinit>> (0x00000000e7a83b68) thrown at [D:\src\AOSP-openjdk-cygwin\jdk8u\hotspot\src\share\vm\prims\jni.cpp, line 1614]
Event: 3169.733 Thread 0x000000001b366800 Exception <a 'java/lang/NoSuchMethodError': <clinit>> (0x00000000e7ac51f8) thrown at [D:\src\AOSP-openjdk-cygwin\jdk8u\hotspot\src\share\vm\prims\jni.cpp, line 1614]
Event: 3179.923 Thread 0x000000001b362800 Exception <a 'sun/nio/fs/WindowsException'> (0x00000000e8556c60) thrown at [D:\src\AOSP-openjdk-cygwin\jdk8u\hotspot\src\share\vm\prims\jni.cpp, line 710]
Event: 3179.930 Thread 0x000000001b362800 Exception <a 'sun/nio/fs/WindowsException'> (0x00000000e856ea00) thrown at [D:\src\AOSP-openjdk-cygwin\jdk8u\hotspot\src\share\vm\prims\jni.cpp, line 710]
Event: 3179.930 Thread 0x000000001b362800 Exception <a 'sun/nio/fs/WindowsException'> (0x00000000e856eea8) thrown at [D:\src\AOSP-openjdk-cygwin\jdk8u\hotspot\src\share\vm\prims\jni.cpp, line 710]

Events (10 events):
Event: 3181.689 Executing VM operation: ForceSafepoint done
Event: 3181.731 Thread 0x000000001b361000 Uncommon trap: trap_request=0xffffff65 fr.pc=0x0000000005871dc0
Event: 3181.731 Thread 0x000000001b361000 DEOPT PACKING pc=0x0000000005871dc0 sp=0x0000000026ffca30
Event: 3181.731 Thread 0x000000001b361000 DEOPT UNPACKING pc=0x00000000029c557b sp=0x0000000026ffca00 mode 2
Event: 3181.751 loading class org/gradle/api/internal/tasks/compile/EnumAnnotationValue
Event: 3181.751 loading class org/gradle/api/internal/tasks/compile/EnumAnnotationValue done
Event: 3181.752 loading class org/gradle/api/internal/tasks/compile/SimpleAnnotationValue
Event: 3181.752 loading class org/gradle/api/internal/tasks/compile/SimpleAnnotationValue done
Event: 3181.822 loading class org/gradle/api/internal/tasks/compile/AnnotationAnnotationValue
Event: 3181.822 loading class org/gradle/api/internal/tasks/compile/AnnotationAnnotationValue done


Dynamic libraries:
0x00007ff6faf60000 - 0x00007ff6faf91000 	C:\Program Files\Android\Android Studio\jre\bin\java.exe
0x00007ff8f4520000 - 0x00007ff8f4710000 	C:\WINDOWS\SYSTEM32\ntdll.dll
0x00007ff8f36d0000 - 0x00007ff8f3782000 	C:\WINDOWS\System32\KERNEL32.DLL
0x00007ff8f1970000 - 0x00007ff8f1c14000 	C:\WINDOWS\System32\KERNELBASE.dll
0x00007ff8f2870000 - 0x00007ff8f2913000 	C:\WINDOWS\System32\ADVAPI32.dll
0x00007ff8f39a0000 - 0x00007ff8f3a3e000 	C:\WINDOWS\System32\msvcrt.dll
0x00007ff8f3d10000 - 0x00007ff8f3da7000 	C:\WINDOWS\System32\sechost.dll
0x00007ff8f3a40000 - 0x00007ff8f3b60000 	C:\WINDOWS\System32\RPCRT4.dll
0x00007ff8f3b70000 - 0x00007ff8f3d04000 	C:\WINDOWS\System32\USER32.dll
0x00007ff8f23b0000 - 0x00007ff8f23d1000 	C:\WINDOWS\System32\win32u.dll
0x00007ff8f3640000 - 0x00007ff8f3666000 	C:\WINDOWS\System32\GDI32.dll
0x00007ff8f2400000 - 0x00007ff8f2596000 	C:\WINDOWS\System32\gdi32full.dll
0x00007ff8f1620000 - 0x00007ff8f16be000 	C:\WINDOWS\System32\msvcp_win.dll
0x00007ff8f1520000 - 0x00007ff8f161a000 	C:\WINDOWS\System32\ucrtbase.dll
0x00007ff8da8c0000 - 0x00007ff8dab44000 	C:\WINDOWS\WinSxS\amd64_microsoft.windows.common-controls_6595b64144ccf1df_6.0.18362.959_none_e6c7bbbf130c62bb\COMCTL32.dll
0x00007ff8f4110000 - 0x00007ff8f4445000 	C:\WINDOWS\System32\combase.dll
0x00007ff8f16c0000 - 0x00007ff8f1740000 	C:\WINDOWS\System32\bcryptPrimitives.dll
0x00007ff8f2700000 - 0x00007ff8f272e000 	C:\WINDOWS\System32\IMM32.DLL
0x00000000685a0000 - 0x0000000068672000 	C:\Program Files\Android\Android Studio\jre\jre\bin\msvcr100.dll
0x0000000068730000 - 0x0000000068f76000 	C:\Program Files\Android\Android Studio\jre\jre\bin\server\jvm.dll
0x00007ff8f3b60000 - 0x00007ff8f3b68000 	C:\WINDOWS\System32\PSAPI.DLL
0x00007ff8dd6a0000 - 0x00007ff8dd6a9000 	C:\WINDOWS\SYSTEM32\WSOCK32.dll
0x00007ff8e9e40000 - 0x00007ff8e9e4a000 	C:\WINDOWS\SYSTEM32\VERSION.dll
0x00007ff8ecb10000 - 0x00007ff8ecb34000 	C:\WINDOWS\SYSTEM32\WINMM.dll
0x00007ff8f3790000 - 0x00007ff8f37ff000 	C:\WINDOWS\System32\WS2_32.dll
0x00007ff8ecaa0000 - 0x00007ff8ecacd000 	C:\WINDOWS\SYSTEM32\winmmbase.dll
0x00007ff8f1470000 - 0x00007ff8f14ba000 	C:\WINDOWS\System32\cfgmgr32.dll
0x00007ff8ea300000 - 0x00007ff8ea30f000 	C:\Program Files\Android\Android Studio\jre\jre\bin\verify.dll
0x00007ff8e1550000 - 0x00007ff8e1579000 	C:\Program Files\Android\Android Studio\jre\jre\bin\java.dll
0x00007ff8e1510000 - 0x00007ff8e1526000 	C:\Program Files\Android\Android Studio\jre\jre\bin\zip.dll
0x00007ff8f2ec0000 - 0x00007ff8f35a6000 	C:\WINDOWS\System32\SHELL32.dll
0x00007ff8f3800000 - 0x00007ff8f38a9000 	C:\WINDOWS\System32\shcore.dll
0x00007ff8f1c20000 - 0x00007ff8f23a2000 	C:\WINDOWS\System32\windows.storage.dll
0x00007ff8f1440000 - 0x00007ff8f1463000 	C:\WINDOWS\System32\profapi.dll
0x00007ff8f13d0000 - 0x00007ff8f141a000 	C:\WINDOWS\System32\powrprof.dll
0x00007ff8f13a0000 - 0x00007ff8f13b0000 	C:\WINDOWS\System32\UMPDC.dll
0x00007ff8f2e60000 - 0x00007ff8f2eb2000 	C:\WINDOWS\System32\shlwapi.dll
0x00007ff8f1420000 - 0x00007ff8f1431000 	C:\WINDOWS\System32\kernel.appcore.dll
0x00007ff8f23e0000 - 0x00007ff8f23f7000 	C:\WINDOWS\System32\cryptsp.dll
0x00007ff8e14e0000 - 0x00007ff8e14fa000 	C:\Program Files\Android\Android Studio\jre\jre\bin\net.dll
0x00007ff8e5f20000 - 0x00007ff8e60f6000 	C:\WINDOWS\SYSTEM32\urlmon.dll
0x00007ff8e0320000 - 0x00007ff8e05c6000 	C:\WINDOWS\SYSTEM32\iertutil.dll
0x00007ff8f0de0000 - 0x00007ff8f0dec000 	C:\WINDOWS\SYSTEM32\CRYPTBASE.DLL
0x00007ff8f0c10000 - 0x00007ff8f0c77000 	C:\WINDOWS\system32\mswsock.dll
0x00007ff8e0bb0000 - 0x00007ff8e0bc3000 	C:\Program Files\Android\Android Studio\jre\jre\bin\nio.dll
0x00007ff8e2780000 - 0x00007ff8e27a6000 	C:\Users\LENOVO\.gradle\native\30\windows-amd64\native-platform.dll
0x00007ff8ea2f0000 - 0x00007ff8ea2fd000 	C:\Program Files\Android\Android Studio\jre\jre\bin\management.dll
0x00007ff8f0720000 - 0x00007ff8f0753000 	C:\WINDOWS\system32\rsaenh.dll
0x00007ff8f1890000 - 0x00007ff8f18b6000 	C:\WINDOWS\System32\bcrypt.dll
0x00007ff8f12c0000 - 0x00007ff8f12e5000 	C:\WINDOWS\SYSTEM32\USERENV.dll
0x00007ff8f08c0000 - 0x00007ff8f08fa000 	C:\WINDOWS\SYSTEM32\IPHLPAPI.DLL
0x00007ff8f3f50000 - 0x00007ff8f3f58000 	C:\WINDOWS\System32\NSI.dll
0x00007ff8eade0000 - 0x00007ff8eadf6000 	C:\WINDOWS\SYSTEM32\dhcpcsvc6.DLL
0x00007ff8eb980000 - 0x00007ff8eb99c000 	C:\WINDOWS\SYSTEM32\dhcpcsvc.DLL
0x00007ff8f0960000 - 0x00007ff8f0a2b000 	C:\WINDOWS\SYSTEM32\DNSAPI.dll
0x00007ff8c0330000 - 0x00007ff8c04cc000 	C:\Program Files\Android\Android Studio\jre\jre\bin\awt.dll
0x00007ff8f3e80000 - 0x00007ff8f3f45000 	C:\WINDOWS\System32\OLEAUT32.dll
0x00007ff8efd50000 - 0x00007ff8efd7d000 	C:\WINDOWS\SYSTEM32\dwmapi.dll
0x00007ff8ee240000 - 0x00007ff8ee800000 	C:\WINDOWS\SYSTEM32\d2d1.dll
0x00007ff8ef8f0000 - 0x00007ff8ef97f000 	C:\WINDOWS\SYSTEM32\apphelp.dll
0x00007ff8efb50000 - 0x00007ff8efbe9000 	C:\WINDOWS\system32\uxtheme.dll

VM Arguments:
jvm_args: -Xmx1536m -Dfile.encoding=windows-1252 -Duser.country=FR -Duser.language=fr -Duser.variant 
java_command: org.gradle.launcher.daemon.bootstrap.GradleDaemon 5.6.4
java_class_path (initial): C:\Users\LENOVO\.gradle\wrapper\dists\gradle-5.6.4-all\ankdp27end7byghfw1q2sw75f\gradle-5.6.4\lib\gradle-launcher-5.6.4.jar
Launcher Type: SUN_STANDARD

Environment Variables:
PATH=C:\Program Files (x86)\Common Files\Oracle\Java\javapath;C:\oraclexe\app\oracle\product\11.2.0\server\bin;;C:\WINDOWS\system32;C:\WINDOWS;C:\WINDOWS\System32\Wbem;C:\WINDOWS\System32\WindowsPowerShell\v1.0\;C:\WINDOWS\System32\OpenSSH\;C:\Program Files\nodejs\;C:\Users\LENOVO\AppData\Local\Programs\Python\Python38\Scripts\;C:\Users\LENOVO\AppData\Local\Programs\Python\Python38\;C:\Users\LENOVO\AppData\Local\Microsoft\WindowsApps;C:\Users\LENOVO\AppData\Roaming\npm;C:\Users\LENOVO\AppData\Local\Programs\Microsoft VS Code\bin
USERNAME=LENOVO
OS=Windows_NT
PROCESSOR_IDENTIFIER=Intel64 Family 6 Model 142 Stepping 10, GenuineIntel



---------------  S Y S T E M  ---------------

OS: Windows 10.0 , 64 bit Build 18362 (10.0.18362.959)

CPU:total 8 (initial active 8) (4 cores per cpu, 2 threads per core) family 6 model 142 stepping 10, cmov, cx8, fxsr, mmx, sse, sse2, sse3, ssse3, sse4.1, sse4.2, popcnt, avx, avx2, aes, clmul, erms, 3dnowpref, lzcnt, ht, tsc, tscinvbit, bmi1, bmi2, adx

Memory: 4k page, physical 8251788k(1055404k free), swap 12347788k(2564k free)

vm_info: OpenJDK 64-Bit Server VM (25.212-b04) for windows-amd64 JRE (1.8.0_212-release-1586-b04), built by "builder" with MS VC++ 10.0 (VS2010)

time: Sat Aug 29 16:35:25 2020
timezone: Afr. centrale Ouest
elapsed time: 3182 seconds (0d 0h 53m 2s)

